[0.052s] Invoking command in '/home/semubot-laptop/Joe-thesis-2026-Sensor-integration/semubot_ros2_ws/build/semubot': CMAKE_PREFIX_PATH=${CMAKE_PREFIX_PATH}:/opt/ros/jazzy DEBUGINFOD_URLS=https://debuginfod.ubuntu.com /usr/bin/cmake /home/semubot-laptop/Joe-thesis-2026-Sensor-integration/semubot_ros2_ws/src/semubot -DAMENT_CMAKE_SYMLINK_INSTALL=1 -DCMAKE_INSTALL_PREFIX=/home/semubot-laptop/Joe-thesis-2026-Sensor-integration/semubot_ros2_ws/install/semubot
[0.453s] -- The C compiler identification is GNU 13.3.0
[0.719s] -- The CXX compiler identification is GNU 13.3.0
[0.791s] -- Detecting C compiler ABI info
[1.208s] -- Detecting C compiler ABI info - done
[1.261s] -- Check for working C compiler: /usr/bin/cc - skipped
[1.262s] -- Detecting C compile features
[1.264s] -- Detecting C compile features - done
[1.300s] -- Detecting CXX compiler ABI info
[1.732s] -- Detecting CXX compiler ABI info - done
[1.786s] -- Check for working CXX compiler: /usr/bin/c++ - skipped
[1.787s] -- Detecting CXX compile features
[1.790s] -- Detecting CXX compile features - done
[1.803s] -- Found ament_cmake: 2.5.3 (/opt/ros/jazzy/share/ament_cmake/cmake)
[2.482s] -- Found Python3: /usr/bin/python3 (found version "3.12.3") found components: Interpreter 
[2.820s] -- Override CMake install command with custom implementation using symlinks instead of copying resources
[3.006s] -- Found ament_lint_auto: 0.17.1 (/opt/ros/jazzy/share/ament_lint_auto/cmake)
[3.447s] -- Configuring done (3.4s)
[3.462s] -- Generating done (0.0s)
[3.469s] -- Build files have been written to: /home/semubot-laptop/Joe-thesis-2026-Sensor-integration/semubot_ros2_ws/build/semubot
[3.488s] Invoked command in '/home/semubot-laptop/Joe-thesis-2026-Sensor-integration/semubot_ros2_ws/build/semubot' returned '0': CMAKE_PREFIX_PATH=${CMAKE_PREFIX_PATH}:/opt/ros/jazzy DEBUGINFOD_URLS=https://debuginfod.ubuntu.com /usr/bin/cmake /home/semubot-laptop/Joe-thesis-2026-Sensor-integration/semubot_ros2_ws/src/semubot -DAMENT_CMAKE_SYMLINK_INSTALL=1 -DCMAKE_INSTALL_PREFIX=/home/semubot-laptop/Joe-thesis-2026-Sensor-integration/semubot_ros2_ws/install/semubot
[3.494s] Invoking command in '/home/semubot-laptop/Joe-thesis-2026-Sensor-integration/semubot_ros2_ws/build/semubot': CMAKE_PREFIX_PATH=${CMAKE_PREFIX_PATH}:/opt/ros/jazzy DEBUGINFOD_URLS=https://debuginfod.ubuntu.com /usr/bin/cmake --build /home/semubot-laptop/Joe-thesis-2026-Sensor-integration/semubot_ros2_ws/build/semubot -- -j8 -l8
[3.646s] Invoked command in '/home/semubot-laptop/Joe-thesis-2026-Sensor-integration/semubot_ros2_ws/build/semubot' returned '0': CMAKE_PREFIX_PATH=${CMAKE_PREFIX_PATH}:/opt/ros/jazzy DEBUGINFOD_URLS=https://debuginfod.ubuntu.com /usr/bin/cmake --build /home/semubot-laptop/Joe-thesis-2026-Sensor-integration/semubot_ros2_ws/build/semubot -- -j8 -l8
[3.688s] Invoking command in '/home/semubot-laptop/Joe-thesis-2026-Sensor-integration/semubot_ros2_ws/build/semubot': CMAKE_PREFIX_PATH=${CMAKE_PREFIX_PATH}:/opt/ros/jazzy DEBUGINFOD_URLS=https://debuginfod.ubuntu.com /usr/bin/cmake --install /home/semubot-laptop/Joe-thesis-2026-Sensor-integration/semubot_ros2_ws/build/semubot
[3.716s] -- Install configuration: ""
[3.718s] -- Execute custom install script
[3.719s] -- Up-to-date symlink: /home/semubot-laptop/Joe-thesis-2026-Sensor-integration/semubot_ros2_ws/install/semubot/share/semubot/urdf/body.stl
[3.720s] -- Up-to-date symlink: /home/semubot-laptop/Joe-thesis-2026-Sensor-integration/semubot_ros2_ws/install/semubot/share/semubot/urdf/head.stl
[3.721s] -- Up-to-date symlink: /home/semubot-laptop/Joe-thesis-2026-Sensor-integration/semubot_ros2_ws/install/semubot/share/semubot/urdf/left_hand.stl
[3.722s] -- Up-to-date symlink: /home/semubot-laptop/Joe-thesis-2026-Sensor-integration/semubot_ros2_ws/install/semubot/share/semubot/urdf/movement_frame.stl
[3.722s] -- Up-to-date symlink: /home/semubot-laptop/Joe-thesis-2026-Sensor-integration/semubot_ros2_ws/install/semubot/share/semubot/urdf/omni_ball.stl
[3.723s] -- Up-to-date symlink: /home/semubot-laptop/Joe-thesis-2026-Sensor-integration/semubot_ros2_ws/install/semubot/share/semubot/urdf/right_hand.stl
[3.723s] -- Up-to-date symlink: /home/semubot-laptop/Joe-thesis-2026-Sensor-integration/semubot_ros2_ws/install/semubot/share/semubot/urdf/semubot.urdf
[3.725s] -- Up-to-date symlink: /home/semubot-laptop/Joe-thesis-2026-Sensor-integration/semubot_ros2_ws/install/semubot/share/semubot/launch/display_robot.launch.py
[3.726s] -- Up-to-date symlink: /home/semubot-laptop/Joe-thesis-2026-Sensor-integration/semubot_ros2_ws/install/semubot/lib/semubot/cmd_vel_publisher.py
[3.727s] -- Up-to-date symlink: /home/semubot-laptop/Joe-thesis-2026-Sensor-integration/semubot_ros2_ws/install/semubot/lib/semubot/cmd_vel_serial.py
[3.728s] -- Up-to-date symlink: /home/semubot-laptop/Joe-thesis-2026-Sensor-integration/semubot_ros2_ws/install/semubot/lib/semubot/cmd_vel_to_joint_states.py
[3.729s] -- Up-to-date symlink: /home/semubot-laptop/Joe-thesis-2026-Sensor-integration/semubot_ros2_ws/install/semubot/lib/semubot/odom_broadcaster.py
[3.730s] -- Up-to-date symlink: /home/semubot-laptop/Joe-thesis-2026-Sensor-integration/semubot_ros2_ws/install/semubot/lib/semubot/cmd_ultrasonic_range_subscriber.py
[3.732s] -- Up-to-date symlink: /home/semubot-laptop/Joe-thesis-2026-Sensor-integration/semubot_ros2_ws/install/semubot/share/ament_index/resource_index/package_run_dependencies/semubot
[3.733s] -- Up-to-date symlink: /home/semubot-laptop/Joe-thesis-2026-Sensor-integration/semubot_ros2_ws/install/semubot/share/ament_index/resource_index/parent_prefix_path/semubot
[3.734s] -- Up-to-date symlink: /home/semubot-laptop/Joe-thesis-2026-Sensor-integration/semubot_ros2_ws/install/semubot/share/semubot/environment/ament_prefix_path.sh
[3.735s] -- Up-to-date symlink: /home/semubot-laptop/Joe-thesis-2026-Sensor-integration/semubot_ros2_ws/install/semubot/share/semubot/environment/ament_prefix_path.dsv
[3.736s] -- Up-to-date symlink: /home/semubot-laptop/Joe-thesis-2026-Sensor-integration/semubot_ros2_ws/install/semubot/share/semubot/environment/path.sh
[3.736s] -- Up-to-date symlink: /home/semubot-laptop/Joe-thesis-2026-Sensor-integration/semubot_ros2_ws/install/semubot/share/semubot/environment/path.dsv
[3.738s] -- Up-to-date symlink: /home/semubot-laptop/Joe-thesis-2026-Sensor-integration/semubot_ros2_ws/install/semubot/share/semubot/local_setup.bash
[3.740s] -- Up-to-date symlink: /home/semubot-laptop/Joe-thesis-2026-Sensor-integration/semubot_ros2_ws/install/semubot/share/semubot/local_setup.sh
[3.741s] -- Up-to-date symlink: /home/semubot-laptop/Joe-thesis-2026-Sensor-integration/semubot_ros2_ws/install/semubot/share/semubot/local_setup.zsh
[3.743s] -- Up-to-date symlink: /home/semubot-laptop/Joe-thesis-2026-Sensor-integration/semubot_ros2_ws/install/semubot/share/semubot/local_setup.dsv
[3.744s] -- Symlinking: /home/semubot-laptop/Joe-thesis-2026-Sensor-integration/semubot_ros2_ws/install/semubot/share/semubot/package.dsv
[3.784s] -- Up-to-date symlink: /home/semubot-laptop/Joe-thesis-2026-Sensor-integration/semubot_ros2_ws/install/semubot/share/ament_index/resource_index/packages/semubot
[3.785s] -- Up-to-date symlink: /home/semubot-laptop/Joe-thesis-2026-Sensor-integration/semubot_ros2_ws/install/semubot/share/semubot/cmake/semubotConfig.cmake
[3.786s] -- Up-to-date symlink: /home/semubot-laptop/Joe-thesis-2026-Sensor-integration/semubot_ros2_ws/install/semubot/share/semubot/cmake/semubotConfig-version.cmake
[3.786s] -- Up-to-date symlink: /home/semubot-laptop/Joe-thesis-2026-Sensor-integration/semubot_ros2_ws/install/semubot/share/semubot/package.xml
[3.794s] Invoked command in '/home/semubot-laptop/Joe-thesis-2026-Sensor-integration/semubot_ros2_ws/build/semubot' returned '0': CMAKE_PREFIX_PATH=${CMAKE_PREFIX_PATH}:/opt/ros/jazzy DEBUGINFOD_URLS=https://debuginfod.ubuntu.com /usr/bin/cmake --install /home/semubot-laptop/Joe-thesis-2026-Sensor-integration/semubot_ros2_ws/build/semubot
