[0.491s] DEBUG:colcon:Command line arguments: ['/usr/bin/colcon', 'build', '--symlink-install']
[0.491s] DEBUG:colcon:Parsed command line arguments: Namespace(log_base=None, log_level=None, verb_name='build', build_base='build', install_base='install', merge_install=False, symlink_install=True, test_result_base=None, continue_on_error=False, executor='parallel', parallel_workers=8, event_handlers=None, ignore_user_meta=False, metas=['./colcon.meta'], base_paths=['.'], packages_ignore=None, packages_ignore_regex=None, paths=None, packages_up_to=None, packages_up_to_regex=None, packages_above=None, packages_above_and_dependencies=None, packages_above_depth=None, packages_select_by_dep=None, packages_skip_by_dep=None, packages_skip_up_to=None, packages_select_build_failed=False, packages_skip_build_finished=False, packages_select_test_failures=False, packages_skip_test_passed=False, packages_select=None, packages_skip=None, packages_select_regex=None, packages_skip_regex=None, packages_start=None, packages_end=None, allow_overriding=[], cmake_args=None, cmake_target=None, cmake_target_skip_unavailable=False, cmake_clean_cache=False, cmake_clean_first=False, cmake_force_configure=False, ament_cmake_args=None, catkin_cmake_args=None, catkin_skip_building_tests=False, mixin_files=None, mixin=None, verb_parser=<colcon_mixin.mixin.mixin_argument.MixinArgumentDecorator object at 0x71ab36198350>, verb_extension=<colcon_core.verb.build.BuildVerb object at 0x71ab3616fdd0>, main=<bound method BuildVerb.main of <colcon_core.verb.build.BuildVerb object at 0x71ab3616fdd0>>, mixin_verb=('build',))
[0.656s] Level 1:colcon.colcon_core.package_discovery:discover_packages(colcon_meta) check parameters
[0.656s] Level 1:colcon.colcon_core.package_discovery:discover_packages(recursive) check parameters
[0.656s] Level 1:colcon.colcon_core.package_discovery:discover_packages(ignore) check parameters
[0.656s] Level 1:colcon.colcon_core.package_discovery:discover_packages(path) check parameters
[0.656s] Level 1:colcon.colcon_core.package_discovery:discover_packages(colcon_meta) discover
[0.657s] Level 1:colcon.colcon_core.package_discovery:discover_packages(recursive) discover
[0.657s] INFO:colcon.colcon_core.package_discovery:Crawling recursively for packages in '/home/semubot-laptop/Joe-thesis-2026-Sensor-integration/semubot_ros2_ws'
[0.658s] Level 1:colcon.colcon_core.package_identification:_identify(.) by extensions ['ignore', 'ignore_ament_install']
[0.658s] Level 1:colcon.colcon_core.package_identification:_identify(.) by extension 'ignore'
[0.658s] Level 1:colcon.colcon_core.package_identification:_identify(.) by extension 'ignore_ament_install'
[0.659s] Level 1:colcon.colcon_core.package_identification:_identify(.) by extensions ['colcon_pkg']
[0.659s] Level 1:colcon.colcon_core.package_identification:_identify(.) by extension 'colcon_pkg'
[0.659s] Level 1:colcon.colcon_core.package_identification:_identify(.) by extensions ['colcon_meta']
[0.659s] Level 1:colcon.colcon_core.package_identification:_identify(.) by extension 'colcon_meta'
[0.659s] Level 1:colcon.colcon_core.package_identification:_identify(.) by extensions ['ros']
[0.659s] Level 1:colcon.colcon_core.package_identification:_identify(.) by extension 'ros'
[0.768s] Level 1:colcon.colcon_core.package_identification:_identify(.) by extensions ['cmake', 'python']
[0.769s] Level 1:colcon.colcon_core.package_identification:_identify(.) by extension 'cmake'
[0.769s] Level 1:colcon.colcon_core.package_identification:_identify(.) by extension 'python'
[0.769s] Level 1:colcon.colcon_core.package_identification:_identify(.) by extensions ['python_setup_py']
[0.769s] Level 1:colcon.colcon_core.package_identification:_identify(.) by extension 'python_setup_py'
[0.770s] Level 1:colcon.colcon_core.package_identification:_identify(build) by extensions ['ignore', 'ignore_ament_install']
[0.770s] Level 1:colcon.colcon_core.package_identification:_identify(build) by extension 'ignore'
[0.770s] Level 1:colcon.colcon_core.package_identification:_identify(build) ignored
[0.771s] Level 1:colcon.colcon_core.package_identification:_identify(install) by extensions ['ignore', 'ignore_ament_install']
[0.771s] Level 1:colcon.colcon_core.package_identification:_identify(install) by extension 'ignore'
[0.771s] Level 1:colcon.colcon_core.package_identification:_identify(install) ignored
[0.772s] Level 1:colcon.colcon_core.package_identification:_identify(log) by extensions ['ignore', 'ignore_ament_install']
[0.772s] Level 1:colcon.colcon_core.package_identification:_identify(log) by extension 'ignore'
[0.772s] Level 1:colcon.colcon_core.package_identification:_identify(log) ignored
[0.773s] Level 1:colcon.colcon_core.package_identification:_identify(src) by extensions ['ignore', 'ignore_ament_install']
[0.773s] Level 1:colcon.colcon_core.package_identification:_identify(src) by extension 'ignore'
[0.773s] Level 1:colcon.colcon_core.package_identification:_identify(src) by extension 'ignore_ament_install'
[0.774s] Level 1:colcon.colcon_core.package_identification:_identify(src) by extensions ['colcon_pkg']
[0.774s] Level 1:colcon.colcon_core.package_identification:_identify(src) by extension 'colcon_pkg'
[0.774s] Level 1:colcon.colcon_core.package_identification:_identify(src) by extensions ['colcon_meta']
[0.774s] Level 1:colcon.colcon_core.package_identification:_identify(src) by extension 'colcon_meta'
[0.774s] Level 1:colcon.colcon_core.package_identification:_identify(src) by extensions ['ros']
[0.774s] Level 1:colcon.colcon_core.package_identification:_identify(src) by extension 'ros'
[0.775s] Level 1:colcon.colcon_core.package_identification:_identify(src) by extensions ['cmake', 'python']
[0.775s] Level 1:colcon.colcon_core.package_identification:_identify(src) by extension 'cmake'
[0.775s] Level 1:colcon.colcon_core.package_identification:_identify(src) by extension 'python'
[0.775s] Level 1:colcon.colcon_core.package_identification:_identify(src) by extensions ['python_setup_py']
[0.775s] Level 1:colcon.colcon_core.package_identification:_identify(src) by extension 'python_setup_py'
[0.776s] Level 1:colcon.colcon_core.package_identification:_identify(src/semubot) by extensions ['ignore', 'ignore_ament_install']
[0.776s] Level 1:colcon.colcon_core.package_identification:_identify(src/semubot) by extension 'ignore'
[0.776s] Level 1:colcon.colcon_core.package_identification:_identify(src/semubot) by extension 'ignore_ament_install'
[0.777s] Level 1:colcon.colcon_core.package_identification:_identify(src/semubot) by extensions ['colcon_pkg']
[0.777s] Level 1:colcon.colcon_core.package_identification:_identify(src/semubot) by extension 'colcon_pkg'
[0.777s] Level 1:colcon.colcon_core.package_identification:_identify(src/semubot) by extensions ['colcon_meta']
[0.777s] Level 1:colcon.colcon_core.package_identification:_identify(src/semubot) by extension 'colcon_meta'
[0.778s] Level 1:colcon.colcon_core.package_identification:_identify(src/semubot) by extensions ['ros']
[0.778s] Level 1:colcon.colcon_core.package_identification:_identify(src/semubot) by extension 'ros'
[0.788s] DEBUG:colcon.colcon_core.package_identification:Package 'src/semubot' with type 'ros.ament_cmake' and name 'semubot'
[0.788s] Level 1:colcon.colcon_core.package_discovery:discover_packages(recursive) using defaults
[0.788s] Level 1:colcon.colcon_core.package_discovery:discover_packages(ignore) discover
[0.789s] Level 1:colcon.colcon_core.package_discovery:discover_packages(ignore) using defaults
[0.789s] Level 1:colcon.colcon_core.package_discovery:discover_packages(path) discover
[0.789s] Level 1:colcon.colcon_core.package_discovery:discover_packages(path) using defaults
[0.865s] Level 1:colcon.colcon_core.package_discovery:discover_packages(prefix_path) check parameters
[0.865s] Level 1:colcon.colcon_core.package_discovery:discover_packages(prefix_path) discover
[0.872s] DEBUG:colcon.colcon_installed_package_information.package_discovery:Found 1 installed packages in /home/semubot-laptop/Joe-thesis-2026-Sensor-integration/semubot_ros2_ws/install
[0.880s] DEBUG:colcon.colcon_installed_package_information.package_discovery:Found 380 installed packages in /opt/ros/jazzy
[0.886s] Level 1:colcon.colcon_core.package_discovery:discover_packages(prefix_path) using defaults
[1.124s] Level 5:colcon.colcon_core.verb:set package 'semubot' build argument 'cmake_args' from command line to 'None'
[1.124s] Level 5:colcon.colcon_core.verb:set package 'semubot' build argument 'cmake_target' from command line to 'None'
[1.124s] Level 5:colcon.colcon_core.verb:set package 'semubot' build argument 'cmake_target_skip_unavailable' from command line to 'False'
[1.124s] Level 5:colcon.colcon_core.verb:set package 'semubot' build argument 'cmake_clean_cache' from command line to 'False'
[1.124s] Level 5:colcon.colcon_core.verb:set package 'semubot' build argument 'cmake_clean_first' from command line to 'False'
[1.125s] Level 5:colcon.colcon_core.verb:set package 'semubot' build argument 'cmake_force_configure' from command line to 'False'
[1.125s] Level 5:colcon.colcon_core.verb:set package 'semubot' build argument 'ament_cmake_args' from command line to 'None'
[1.125s] Level 5:colcon.colcon_core.verb:set package 'semubot' build argument 'catkin_cmake_args' from command line to 'None'
[1.125s] Level 5:colcon.colcon_core.verb:set package 'semubot' build argument 'catkin_skip_building_tests' from command line to 'False'
[1.125s] DEBUG:colcon.colcon_core.verb:Building package 'semubot' with the following arguments: {'ament_cmake_args': None, 'build_base': '/home/semubot-laptop/Joe-thesis-2026-Sensor-integration/semubot_ros2_ws/build/semubot', 'catkin_cmake_args': None, 'catkin_skip_building_tests': False, 'cmake_args': None, 'cmake_clean_cache': False, 'cmake_clean_first': False, 'cmake_force_configure': False, 'cmake_target': None, 'cmake_target_skip_unavailable': False, 'install_base': '/home/semubot-laptop/Joe-thesis-2026-Sensor-integration/semubot_ros2_ws/install/semubot', 'merge_install': False, 'path': '/home/semubot-laptop/Joe-thesis-2026-Sensor-integration/semubot_ros2_ws/src/semubot', 'symlink_install': True, 'test_result_base': None}
[1.126s] INFO:colcon.colcon_core.executor:Executing jobs using 'parallel' executor
[1.129s] DEBUG:colcon.colcon_parallel_executor.executor.parallel:run_until_complete
[1.130s] INFO:colcon.colcon_ros.task.ament_cmake.build:Building ROS package in '/home/semubot-laptop/Joe-thesis-2026-Sensor-integration/semubot_ros2_ws/src/semubot' with build type 'ament_cmake'
[1.130s] INFO:colcon.colcon_cmake.task.cmake.build:Building CMake package in '/home/semubot-laptop/Joe-thesis-2026-Sensor-integration/semubot_ros2_ws/src/semubot'
[1.141s] INFO:colcon.colcon_core.plugin_system:Skipping extension 'colcon_core.shell.bat': Not used on non-Windows systems
[1.142s] INFO:colcon.colcon_core.shell:Skip shell extension 'powershell' for command environment: Not usable outside of PowerShell
[1.142s] DEBUG:colcon.colcon_core.shell:Skip shell extension 'dsv' for command environment
[1.192s] DEBUG:colcon.colcon_core.event_handler.log_command:Invoking command in '/home/semubot-laptop/Joe-thesis-2026-Sensor-integration/semubot_ros2_ws/build/semubot': CMAKE_PREFIX_PATH=${CMAKE_PREFIX_PATH}:/opt/ros/jazzy DEBUGINFOD_URLS=https://debuginfod.ubuntu.com /usr/bin/cmake --build /home/semubot-laptop/Joe-thesis-2026-Sensor-integration/semubot_ros2_ws/build/semubot -- -j8 -l8
[1.404s] DEBUG:colcon.colcon_core.event_handler.log_command:Invoked command in '/home/semubot-laptop/Joe-thesis-2026-Sensor-integration/semubot_ros2_ws/build/semubot' returned '0': CMAKE_PREFIX_PATH=${CMAKE_PREFIX_PATH}:/opt/ros/jazzy DEBUGINFOD_URLS=https://debuginfod.ubuntu.com /usr/bin/cmake --build /home/semubot-laptop/Joe-thesis-2026-Sensor-integration/semubot_ros2_ws/build/semubot -- -j8 -l8
[1.445s] DEBUG:colcon.colcon_core.event_handler.log_command:Invoking command in '/home/semubot-laptop/Joe-thesis-2026-Sensor-integration/semubot_ros2_ws/build/semubot': CMAKE_PREFIX_PATH=${CMAKE_PREFIX_PATH}:/opt/ros/jazzy DEBUGINFOD_URLS=https://debuginfod.ubuntu.com /usr/bin/cmake --install /home/semubot-laptop/Joe-thesis-2026-Sensor-integration/semubot_ros2_ws/build/semubot
[1.564s] Level 1:colcon.colcon_core.environment:create_environment_scripts_only(semubot)
[1.566s] DEBUG:colcon.colcon_core.event_handler.log_command:Invoked command in '/home/semubot-laptop/Joe-thesis-2026-Sensor-integration/semubot_ros2_ws/build/semubot' returned '0': CMAKE_PREFIX_PATH=${CMAKE_PREFIX_PATH}:/opt/ros/jazzy DEBUGINFOD_URLS=https://debuginfod.ubuntu.com /usr/bin/cmake --install /home/semubot-laptop/Joe-thesis-2026-Sensor-integration/semubot_ros2_ws/build/semubot
[1.580s] Level 1:colcon.colcon_core.environment:checking '/home/semubot-laptop/Joe-thesis-2026-Sensor-integration/semubot_ros2_ws/install/semubot' for CMake module files
[1.583s] Level 1:colcon.colcon_core.environment:checking '/home/semubot-laptop/Joe-thesis-2026-Sensor-integration/semubot_ros2_ws/install/semubot' for CMake config files
[1.585s] Level 1:colcon.colcon_core.shell:create_environment_hook('semubot', 'cmake_prefix_path')
[1.586s] INFO:colcon.colcon_core.shell:Creating environment hook '/home/semubot-laptop/Joe-thesis-2026-Sensor-integration/semubot_ros2_ws/install/semubot/share/semubot/hook/cmake_prefix_path.ps1'
[1.588s] INFO:colcon.colcon_core.shell:Creating environment descriptor '/home/semubot-laptop/Joe-thesis-2026-Sensor-integration/semubot_ros2_ws/install/semubot/share/semubot/hook/cmake_prefix_path.dsv'
[1.590s] INFO:colcon.colcon_core.shell:Creating environment hook '/home/semubot-laptop/Joe-thesis-2026-Sensor-integration/semubot_ros2_ws/install/semubot/share/semubot/hook/cmake_prefix_path.sh'
[1.593s] Level 1:colcon.colcon_core.environment:checking '/home/semubot-laptop/Joe-thesis-2026-Sensor-integration/semubot_ros2_ws/install/semubot/lib'
[1.594s] Level 1:colcon.colcon_core.environment:checking '/home/semubot-laptop/Joe-thesis-2026-Sensor-integration/semubot_ros2_ws/install/semubot/bin'
[1.594s] Level 1:colcon.colcon_core.environment:checking '/home/semubot-laptop/Joe-thesis-2026-Sensor-integration/semubot_ros2_ws/install/semubot/lib/pkgconfig/semubot.pc'
[1.595s] Level 1:colcon.colcon_core.environment:checking '/home/semubot-laptop/Joe-thesis-2026-Sensor-integration/semubot_ros2_ws/install/semubot/lib/python3.12/site-packages'
[1.596s] Level 1:colcon.colcon_core.environment:checking '/home/semubot-laptop/Joe-thesis-2026-Sensor-integration/semubot_ros2_ws/install/semubot/bin'
[1.597s] INFO:colcon.colcon_core.shell:Creating package script '/home/semubot-laptop/Joe-thesis-2026-Sensor-integration/semubot_ros2_ws/install/semubot/share/semubot/package.ps1'
[1.600s] INFO:colcon.colcon_core.shell:Creating package descriptor '/home/semubot-laptop/Joe-thesis-2026-Sensor-integration/semubot_ros2_ws/install/semubot/share/semubot/package.dsv'
[1.602s] INFO:colcon.colcon_core.shell:Creating package script '/home/semubot-laptop/Joe-thesis-2026-Sensor-integration/semubot_ros2_ws/install/semubot/share/semubot/package.sh'
[1.604s] INFO:colcon.colcon_core.shell:Creating package script '/home/semubot-laptop/Joe-thesis-2026-Sensor-integration/semubot_ros2_ws/install/semubot/share/semubot/package.bash'
[1.607s] INFO:colcon.colcon_core.shell:Creating package script '/home/semubot-laptop/Joe-thesis-2026-Sensor-integration/semubot_ros2_ws/install/semubot/share/semubot/package.zsh'
[1.609s] Level 1:colcon.colcon_core.environment:create_file_with_runtime_dependencies(/home/semubot-laptop/Joe-thesis-2026-Sensor-integration/semubot_ros2_ws/install/semubot/share/colcon-core/packages/semubot)
[1.611s] Level 1:colcon.colcon_core.environment:create_environment_scripts_only(semubot)
[1.612s] Level 1:colcon.colcon_core.environment:checking '/home/semubot-laptop/Joe-thesis-2026-Sensor-integration/semubot_ros2_ws/install/semubot' for CMake module files
[1.614s] Level 1:colcon.colcon_core.environment:checking '/home/semubot-laptop/Joe-thesis-2026-Sensor-integration/semubot_ros2_ws/install/semubot' for CMake config files
[1.616s] Level 1:colcon.colcon_core.shell:create_environment_hook('semubot', 'cmake_prefix_path')
[1.616s] INFO:colcon.colcon_core.shell:Creating environment hook '/home/semubot-laptop/Joe-thesis-2026-Sensor-integration/semubot_ros2_ws/install/semubot/share/semubot/hook/cmake_prefix_path.ps1'
[1.618s] INFO:colcon.colcon_core.shell:Creating environment descriptor '/home/semubot-laptop/Joe-thesis-2026-Sensor-integration/semubot_ros2_ws/install/semubot/share/semubot/hook/cmake_prefix_path.dsv'
[1.619s] INFO:colcon.colcon_core.shell:Creating environment hook '/home/semubot-laptop/Joe-thesis-2026-Sensor-integration/semubot_ros2_ws/install/semubot/share/semubot/hook/cmake_prefix_path.sh'
[1.621s] Level 1:colcon.colcon_core.environment:checking '/home/semubot-laptop/Joe-thesis-2026-Sensor-integration/semubot_ros2_ws/install/semubot/lib'
[1.622s] Level 1:colcon.colcon_core.environment:checking '/home/semubot-laptop/Joe-thesis-2026-Sensor-integration/semubot_ros2_ws/install/semubot/bin'
[1.622s] Level 1:colcon.colcon_core.environment:checking '/home/semubot-laptop/Joe-thesis-2026-Sensor-integration/semubot_ros2_ws/install/semubot/lib/pkgconfig/semubot.pc'
[1.623s] Level 1:colcon.colcon_core.environment:checking '/home/semubot-laptop/Joe-thesis-2026-Sensor-integration/semubot_ros2_ws/install/semubot/lib/python3.12/site-packages'
[1.624s] Level 1:colcon.colcon_core.environment:checking '/home/semubot-laptop/Joe-thesis-2026-Sensor-integration/semubot_ros2_ws/install/semubot/bin'
[1.625s] INFO:colcon.colcon_core.shell:Creating package script '/home/semubot-laptop/Joe-thesis-2026-Sensor-integration/semubot_ros2_ws/install/semubot/share/semubot/package.ps1'
[1.628s] INFO:colcon.colcon_core.shell:Creating package descriptor '/home/semubot-laptop/Joe-thesis-2026-Sensor-integration/semubot_ros2_ws/install/semubot/share/semubot/package.dsv'
[1.630s] INFO:colcon.colcon_core.shell:Creating package script '/home/semubot-laptop/Joe-thesis-2026-Sensor-integration/semubot_ros2_ws/install/semubot/share/semubot/package.sh'
[1.632s] INFO:colcon.colcon_core.shell:Creating package script '/home/semubot-laptop/Joe-thesis-2026-Sensor-integration/semubot_ros2_ws/install/semubot/share/semubot/package.bash'
[1.634s] INFO:colcon.colcon_core.shell:Creating package script '/home/semubot-laptop/Joe-thesis-2026-Sensor-integration/semubot_ros2_ws/install/semubot/share/semubot/package.zsh'
[1.635s] Level 1:colcon.colcon_core.environment:create_file_with_runtime_dependencies(/home/semubot-laptop/Joe-thesis-2026-Sensor-integration/semubot_ros2_ws/install/semubot/share/colcon-core/packages/semubot)
[1.636s] DEBUG:colcon.colcon_parallel_executor.executor.parallel:closing loop
[1.638s] DEBUG:colcon.colcon_parallel_executor.executor.parallel:loop closed
[1.638s] DEBUG:colcon.colcon_parallel_executor.executor.parallel:run_until_complete finished with '0'
[1.638s] DEBUG:colcon.colcon_core.event_reactor:joining thread
[1.665s] INFO:colcon.colcon_core.plugin_system:Skipping extension 'colcon_notification.desktop_notification.terminal_notifier': Not used on non-Darwin systems
[1.665s] INFO:colcon.colcon_core.plugin_system:Skipping extension 'colcon_notification.desktop_notification.win32': Not used on non-Windows systems
[1.665s] INFO:colcon.colcon_notification.desktop_notification:Sending desktop notification using 'notify2'
[1.735s] DEBUG:colcon.colcon_core.event_reactor:joined thread
[1.736s] INFO:colcon.colcon_core.shell:Creating prefix script '/home/semubot-laptop/Joe-thesis-2026-Sensor-integration/semubot_ros2_ws/install/local_setup.ps1'
[1.739s] INFO:colcon.colcon_core.shell:Creating prefix util module '/home/semubot-laptop/Joe-thesis-2026-Sensor-integration/semubot_ros2_ws/install/_local_setup_util_ps1.py'
[1.745s] INFO:colcon.colcon_core.shell:Creating prefix chain script '/home/semubot-laptop/Joe-thesis-2026-Sensor-integration/semubot_ros2_ws/install/setup.ps1'
[1.749s] INFO:colcon.colcon_core.shell:Creating prefix script '/home/semubot-laptop/Joe-thesis-2026-Sensor-integration/semubot_ros2_ws/install/local_setup.sh'
[1.752s] INFO:colcon.colcon_core.shell:Creating prefix util module '/home/semubot-laptop/Joe-thesis-2026-Sensor-integration/semubot_ros2_ws/install/_local_setup_util_sh.py'
[1.754s] INFO:colcon.colcon_core.shell:Creating prefix chain script '/home/semubot-laptop/Joe-thesis-2026-Sensor-integration/semubot_ros2_ws/install/setup.sh'
[1.758s] INFO:colcon.colcon_core.shell:Creating prefix script '/home/semubot-laptop/Joe-thesis-2026-Sensor-integration/semubot_ros2_ws/install/local_setup.bash'
[1.761s] INFO:colcon.colcon_core.shell:Creating prefix chain script '/home/semubot-laptop/Joe-thesis-2026-Sensor-integration/semubot_ros2_ws/install/setup.bash'
[1.765s] INFO:colcon.colcon_core.shell:Creating prefix script '/home/semubot-laptop/Joe-thesis-2026-Sensor-integration/semubot_ros2_ws/install/local_setup.zsh'
[1.768s] INFO:colcon.colcon_core.shell:Creating prefix chain script '/home/semubot-laptop/Joe-thesis-2026-Sensor-integration/semubot_ros2_ws/install/setup.zsh'
