[0.044s] Invoking command in '/home/semubot-laptop/Joe-thesis-2026-Sensor-integration/semubot_ros2_ws/build/semubot': CMAKE_PREFIX_PATH=${CMAKE_PREFIX_PATH}:/opt/ros/jazzy DEBUGINFOD_URLS=https://debuginfod.ubuntu.com /usr/bin/cmake --build /home/semubot-laptop/Joe-thesis-2026-Sensor-integration/semubot_ros2_ws/build/semubot -- -j8 -l8
[0.082s] [0mCMake Error: The current CMakeCache.txt directory /home/semubot-laptop/Joe-thesis-2026-Sensor-integration/semubot_ros2_ws/build/semubot/CMakeCache.txt is different than the directory /home/semubot-laptop/semubot_ros2_ws/build/semubot where CMakeCache.txt was created. This may result in binaries being created in the wrong place. If you are not sure, reedit the CMakeCache.txt[0m
[0.155s] -- Found ament_cmake: 2.5.3 (/opt/ros/jazzy/share/ament_cmake/cmake)
[1.111s] -- Override CMake install command with custom implementation using symlinks instead of copying resources
[1.159s] -- Found ament_lint_auto: 0.17.1 (/opt/ros/jazzy/share/ament_lint_auto/cmake)
[1.565s] -- Configuring done (1.4s)
[1.577s] -- Generating done (0.0s)
[1.584s] -- Build files have been written to: /home/semubot-laptop/semubot_ros2_ws/build/semubot
[1.673s] Invoked command in '/home/semubot-laptop/Joe-thesis-2026-Sensor-integration/semubot_ros2_ws/build/semubot' returned '0': CMAKE_PREFIX_PATH=${CMAKE_PREFIX_PATH}:/opt/ros/jazzy DEBUGINFOD_URLS=https://debuginfod.ubuntu.com /usr/bin/cmake --build /home/semubot-laptop/Joe-thesis-2026-Sensor-integration/semubot_ros2_ws/build/semubot -- -j8 -l8
[1.709s] Invoking command in '/home/semubot-laptop/Joe-thesis-2026-Sensor-integration/semubot_ros2_ws/build/semubot': CMAKE_PREFIX_PATH=${CMAKE_PREFIX_PATH}:/opt/ros/jazzy DEBUGINFOD_URLS=https://debuginfod.ubuntu.com /usr/bin/cmake --install /home/semubot-laptop/Joe-thesis-2026-Sensor-integration/semubot_ros2_ws/build/semubot
[1.747s] -- Install configuration: ""
[1.748s] -- Execute custom install script
[1.750s] -- Up-to-date symlink: /home/semubot-laptop/semubot_ros2_ws/install/semubot/share/semubot/urdf/body.stl
[1.751s] -- Up-to-date symlink: /home/semubot-laptop/semubot_ros2_ws/install/semubot/share/semubot/urdf/head.stl
[1.752s] -- Up-to-date symlink: /home/semubot-laptop/semubot_ros2_ws/install/semubot/share/semubot/urdf/left_hand.stl
[1.753s] -- Up-to-date symlink: /home/semubot-laptop/semubot_ros2_ws/install/semubot/share/semubot/urdf/movement_frame.stl
[1.753s] -- Up-to-date symlink: /home/semubot-laptop/semubot_ros2_ws/install/semubot/share/semubot/urdf/omni_ball.stl
[1.754s] -- Up-to-date symlink: /home/semubot-laptop/semubot_ros2_ws/install/semubot/share/semubot/urdf/right_hand.stl
[1.755s] -- Up-to-date symlink: /home/semubot-laptop/semubot_ros2_ws/install/semubot/share/semubot/urdf/semubot.urdf
[1.755s] -- Up-to-date symlink: /home/semubot-laptop/semubot_ros2_ws/install/semubot/share/semubot/launch/display_robot.launch.py
[1.756s] -- Up-to-date symlink: /home/semubot-laptop/semubot_ros2_ws/install/semubot/lib/semubot/cmd_vel_publisher.py
[1.757s] -- Up-to-date symlink: /home/semubot-laptop/semubot_ros2_ws/install/semubot/lib/semubot/cmd_vel_serial.py
[1.758s] -- Up-to-date symlink: /home/semubot-laptop/semubot_ros2_ws/install/semubot/lib/semubot/cmd_vel_to_joint_states.py
[1.759s] -- Up-to-date symlink: /home/semubot-laptop/semubot_ros2_ws/install/semubot/lib/semubot/odom_broadcaster.py
[1.759s] -- Up-to-date symlink: /home/semubot-laptop/semubot_ros2_ws/install/semubot/share/ament_index/resource_index/package_run_dependencies/semubot
[1.760s] -- Up-to-date symlink: /home/semubot-laptop/semubot_ros2_ws/install/semubot/share/ament_index/resource_index/parent_prefix_path/semubot
[1.761s] -- Up-to-date symlink: /home/semubot-laptop/semubot_ros2_ws/install/semubot/share/semubot/environment/ament_prefix_path.sh
[1.762s] -- Up-to-date symlink: /home/semubot-laptop/semubot_ros2_ws/install/semubot/share/semubot/environment/ament_prefix_path.dsv
[1.762s] -- Up-to-date symlink: /home/semubot-laptop/semubot_ros2_ws/install/semubot/share/semubot/environment/path.sh
[1.763s] -- Up-to-date symlink: /home/semubot-laptop/semubot_ros2_ws/install/semubot/share/semubot/environment/path.dsv
[1.764s] -- Up-to-date symlink: /home/semubot-laptop/semubot_ros2_ws/install/semubot/share/semubot/local_setup.bash
[1.765s] -- Up-to-date symlink: /home/semubot-laptop/semubot_ros2_ws/install/semubot/share/semubot/local_setup.sh
[1.766s] -- Up-to-date symlink: /home/semubot-laptop/semubot_ros2_ws/install/semubot/share/semubot/local_setup.zsh
[1.767s] -- Up-to-date symlink: /home/semubot-laptop/semubot_ros2_ws/install/semubot/share/semubot/local_setup.dsv
[1.768s] -- Up-to-date symlink: /home/semubot-laptop/semubot_ros2_ws/install/semubot/share/semubot/package.dsv
[1.768s] -- Up-to-date symlink: /home/semubot-laptop/semubot_ros2_ws/install/semubot/share/ament_index/resource_index/packages/semubot
[1.769s] -- Up-to-date symlink: /home/semubot-laptop/semubot_ros2_ws/install/semubot/share/semubot/cmake/semubotConfig.cmake
[1.770s] -- Up-to-date symlink: /home/semubot-laptop/semubot_ros2_ws/install/semubot/share/semubot/cmake/semubotConfig-version.cmake
[1.771s] -- Up-to-date symlink: /home/semubot-laptop/semubot_ros2_ws/install/semubot/share/semubot/package.xml
[1.778s] Invoked command in '/home/semubot-laptop/Joe-thesis-2026-Sensor-integration/semubot_ros2_ws/build/semubot' returned '0': CMAKE_PREFIX_PATH=${CMAKE_PREFIX_PATH}:/opt/ros/jazzy DEBUGINFOD_URLS=https://debuginfod.ubuntu.com /usr/bin/cmake --install /home/semubot-laptop/Joe-thesis-2026-Sensor-integration/semubot_ros2_ws/build/semubot
